2017-01-17 18:21:43,337 [ERROR] from oso-config in oso-config-impl-application-akka.actor.default-dispatcher-2 - Exception in RestCallIdImpl(GET,/v1/monitor/details)
java.sql.SQLSyntaxErrorException: Table 'oso_monitor.monitor_item_detail' doesn't exist
	at com.mysql.cj.jdbc.exceptions.SQLError.createSQLException(SQLError.java:536)
	at com.mysql.cj.jdbc.exceptions.SQLError.createSQLException(SQLError.java:513)
	at com.mysql.cj.jdbc.exceptions.SQLExceptionsMapping.translateException(SQLExceptionsMapping.java:115)
	at com.mysql.cj.jdbc.ConnectionImpl.execSQL(ConnectionImpl.java:1983)
	at com.mysql.cj.jdbc.PreparedStatement.executeInternal(PreparedStatement.java:1826)
	at com.mysql.cj.jdbc.PreparedStatement.execute(PreparedStatement.java:1153)
	at slick.jdbc.StatementInvoker.results(StatementInvoker.scala:39)
	at slick.jdbc.StatementInvoker.iteratorTo(StatementInvoker.scala:22)
	at slick.jdbc.Invoker$class.foreach(Invoker.scala:48)
	at slick.jdbc.StatementInvoker.foreach(StatementInvoker.scala:16)
	at slick.jdbc.StreamingInvokerAction$class.run(StreamingInvokerAction.scala:22)
	at slick.jdbc.SQLActionBuilder$$anon$1.run(StaticQuery.scala:100)
	at slick.jdbc.SQLActionBuilder$$anon$1.run(StaticQuery.scala:100)
	at slick.backend.DatabaseComponent$DatabaseDef$$anon$2.liftedTree1$1(DatabaseComponent.scala:237)
	at slick.backend.DatabaseComponent$DatabaseDef$$anon$2.run(DatabaseComponent.scala:237)
	at java.util.concurrent.ThreadPoolExecutor.runWorker(ThreadPoolExecutor.java:1142)
	at java.util.concurrent.ThreadPoolExecutor$Worker.run(ThreadPoolExecutor.java:617)
	at java.lang.Thread.run(Thread.java:745)
