2017-01-11 18:11:05,068 [ERROR] from oso-config in oso-config-impl-application-akka.actor.default-dispatcher-2 - Exception in RestCallIdImpl(PUT,/v1/node/:id)
java.sql.SQLIntegrityConstraintViolationException: Column 'id' cannot be null
	at com.mysql.cj.jdbc.exceptions.SQLError.createSQLException(SQLError.java:533)
	at com.mysql.cj.jdbc.exceptions.SQLError.createSQLException(SQLError.java:513)
	at com.mysql.cj.jdbc.exceptions.SQLExceptionsMapping.translateException(SQLExceptionsMapping.java:115)
	at com.mysql.cj.jdbc.ConnectionImpl.execSQL(ConnectionImpl.java:1983)
	at com.mysql.cj.jdbc.PreparedStatement.executeInternal(PreparedStatement.java:1826)
	at com.mysql.cj.jdbc.PreparedStatement.executeUpdateInternal(PreparedStatement.java:2034)
	at com.mysql.cj.jdbc.PreparedStatement.executeUpdateInternal(PreparedStatement.java:1970)
	at com.mysql.cj.jdbc.PreparedStatement.executeLargeUpdate(PreparedStatement.java:4984)
	at com.mysql.cj.jdbc.PreparedStatement.executeUpdate(PreparedStatement.java:1955)
	at slick.driver.JdbcActionComponent$UpdateActionExtensionMethodsImpl$$anon$7$$anonfun$7.apply(JdbcActionComponent.scala:322)
	at slick.driver.JdbcActionComponent$UpdateActionExtensionMethodsImpl$$anon$7$$anonfun$7.apply(JdbcActionComponent.scala:318)
	at slick.jdbc.JdbcBackend$SessionDef$class.withPreparedStatement(JdbcBackend.scala:347)
	at slick.jdbc.JdbcBackend$BaseSession.withPreparedStatement(JdbcBackend.scala:407)
	at slick.driver.JdbcActionComponent$UpdateActionExtensionMethodsImpl$$anon$7.run(JdbcActionComponent.scala:318)
	at slick.driver.JdbcActionComponent$UpdateActionExtensionMethodsImpl$$anon$7.run(JdbcActionComponent.scala:317)
	at slick.driver.JdbcActionComponent$SimpleJdbcDriverAction.run(JdbcActionComponent.scala:32)
	at slick.driver.JdbcActionComponent$SimpleJdbcDriverAction.run(JdbcActionComponent.scala:29)
	at slick.backend.DatabaseComponent$DatabaseDef$$anon$2.liftedTree1$1(DatabaseComponent.scala:237)
	at slick.backend.DatabaseComponent$DatabaseDef$$anon$2.run(DatabaseComponent.scala:237)
	at java.util.concurrent.ThreadPoolExecutor.runWorker(ThreadPoolExecutor.java:1142)
	at java.util.concurrent.ThreadPoolExecutor$Worker.run(ThreadPoolExecutor.java:617)
	at java.lang.Thread.run(Thread.java:745)
